<?xml version="1.0" encoding="UTF-8"?>
<!-- Generated by org.testng.reporters.JUnitReportReporter -->
<testsuite hostname="Chiku" failures="0" tests="6" name="com.testcases.StringOccuranceCountTestCases" time="0.011" errors="0" timestamp="2022-05-11T09:19:54 EDT" skipped="0">
  <testcase classname="com.testcases.StringOccuranceCountTestCases" name="tc01_ValidStringwithRepeatedwordsTest" time="0.006"/>
  <system-out/>
  <testcase classname="com.testcases.StringOccuranceCountTestCases" name="tc02_ValidStringbutNoRepeatedwordsTest" time="0.001"/>
  <system-out/>
  <testcase classname="com.testcases.StringOccuranceCountTestCases" name="tc06_ValidStringwithAllRepeatedwordsTest" time="0.001"/>
  <system-out/>
  <testcase classname="com.testcases.StringOccuranceCountTestCases" name="tc05_StringWithnullTest" time="0.002"/>
  <system-out/>
  <testcase classname="com.testcases.StringOccuranceCountTestCases" name="tc03_EmptyStringTest" time="0.000"/>
  <system-out/>
  <testcase classname="com.testcases.StringOccuranceCountTestCases" name="tc04_StringWithSpacesTest" time="0.001"/>
  <system-out/>
</testsuite> <!-- com.testcases.StringOccuranceCountTestCases -->
